<?xml version="1.0" encoding="UTF-8"?>
<testng-results ignored="0" total="2" passed="2" failed="0" skipped="0">
  <reporter-output>
  </reporter-output>
  <suite started-at="2023-07-13T06:30:59 UTC" name="Default suite" finished-at="2023-07-13T06:31:02 UTC" duration-ms="2393">
    <groups>
    </groups>
    <test started-at="2023-07-13T06:30:59 UTC" name="Default test" finished-at="2023-07-13T06:31:02 UTC" duration-ms="2393">
      <class name="com.simplilearn.CRUDoperation.AppTest">
        <test-method signature="createData()[pri:0, instance:com.simplilearn.CRUDoperation.AppTest@652a7737]" started-at="2023-07-13T06:30:59 UTC" name="createData" finished-at="2023-07-13T06:31:01 UTC" duration-ms="1612" status="PASS">
          <reporter-output>
          </reporter-output>
        </test-method> <!-- createData -->
        <test-method signature="getData()[pri:0, instance:com.simplilearn.CRUDoperation.AppTest@652a7737]" started-at="2023-07-13T06:31:01 UTC" name="getData" finished-at="2023-07-13T06:31:02 UTC" duration-ms="746" status="PASS">
          <reporter-output>
          </reporter-output>
        </test-method> <!-- getData -->
      </class> <!-- com.simplilearn.CRUDoperation.AppTest -->
    </test> <!-- Default test -->
  </suite> <!-- Default suite -->
</testng-results>
